<?xml version="1.0" encoding="UTF-8"?>
<!-- Generated by org.testng.reporters.JUnitXMLReporter -->
<testsuite ignored="2" hostname="Sonali-Laptop" failures="0" tests="1" name="Default test" time="0.058" errors="0" timestamp="2022-05-18T14:44:05 BST">
  <testcase classname="MavenTraining.Mavenjava.AppiumTest" name="IOSApps" time="0.008"/>
  <testcase classname="MavenTraining.Mavenjava.AppiumTest" name="nativeAppAndroid" time="0.0">
    <ignored/>
  </testcase> <!-- nativeAppAndroid -->
  <testcase classname="MavenTraining.Mavenjava.AppiumTest" name="IOSApps1" time="0.0">
    <ignored/>
  </testcase> <!-- IOSApps1 -->
</testsuite> <!-- Default test -->
