<?xml version="1.0" encoding="UTF-8"?>
<!-- Generated by org.testng.reporters.JUnitXMLReporter -->
<testsuite hostname="DESKTOP-D5BDJCJ" ignored="0" name="Test" tests="4" failures="0" timestamp="2022-01-13T14:46:12 GMT" time="0.024" errors="0">
  <testcase name="deleteTwitter" time="0.003" classname="MavenTraining.Mavenjava.RESTAPITest"/>
  <testcase name="postJira" time="0.0" classname="MavenTraining.Mavenjava.RESTAPITest"/>
  <testcase name="BrowserAutomation" time="0.0" classname="MavenTraining.Mavenjava.SeleniumTest"/>
  <testcase name="elementsUi" time="0.001" classname="MavenTraining.Mavenjava.SeleniumTest"/>
</testsuite> <!-- Test -->
