<?xml version="1.0" encoding="UTF-8"?>
<testng-results skipped="0" failed="0" ignored="0" total="4" passed="4">
  <reporter-output>
  </reporter-output>
  <suite name="Suite" duration-ms="24" started-at="2022-01-13T14:46:12 GMT" finished-at="2022-01-13T14:46:12 GMT">
    <groups>
    </groups>
    <test name="Test" duration-ms="24" started-at="2022-01-13T14:46:12 GMT" finished-at="2022-01-13T14:46:12 GMT">
      <class name="MavenTraining.Mavenjava.SeleniumTest">
        <test-method status="PASS" signature="elementsUi()[pri:0, instance:MavenTraining.Mavenjava.SeleniumTest@e874448]" name="elementsUi" duration-ms="1" started-at="2022-01-13T14:46:12 GMT" finished-at="2022-01-13T14:46:12 GMT">
          <reporter-output>
          </reporter-output>
        </test-method> <!-- elementsUi -->
        <test-method status="PASS" signature="BrowserAutomation()[pri:0, instance:MavenTraining.Mavenjava.SeleniumTest@e874448]" name="BrowserAutomation" duration-ms="0" started-at="2022-01-13T14:46:12 GMT" finished-at="2022-01-13T14:46:12 GMT">
          <reporter-output>
          </reporter-output>
        </test-method> <!-- BrowserAutomation -->
      </class> <!-- MavenTraining.Mavenjava.SeleniumTest -->
      <class name="MavenTraining.Mavenjava.RESTAPITest">
        <test-method status="PASS" signature="deleteTwitter()[pri:0, instance:MavenTraining.Mavenjava.RESTAPITest@587d1d39]" name="deleteTwitter" duration-ms="3" started-at="2022-01-13T14:46:12 GMT" finished-at="2022-01-13T14:46:12 GMT">
          <reporter-output>
          </reporter-output>
        </test-method> <!-- deleteTwitter -->
        <test-method status="PASS" signature="postJira()[pri:0, instance:MavenTraining.Mavenjava.RESTAPITest@587d1d39]" name="postJira" duration-ms="0" started-at="2022-01-13T14:46:12 GMT" finished-at="2022-01-13T14:46:12 GMT">
          <reporter-output>
          </reporter-output>
        </test-method> <!-- postJira -->
      </class> <!-- MavenTraining.Mavenjava.RESTAPITest -->
    </test> <!-- Test -->
  </suite> <!-- Suite -->
</testng-results>
