<?xml version="1.0" encoding="UTF-8"?>
<testng-results ignored="2" total="3" passed="1" failed="0" skipped="0">
  <reporter-output>
  </reporter-output>
  <suite started-at="2022-05-18T14:44:05 BST" name="Default suite" finished-at="2022-05-18T14:44:05 BST" duration-ms="58">
    <groups>
    </groups>
    <test started-at="2022-05-18T14:44:05 BST" name="Default test" finished-at="2022-05-18T14:44:05 BST" duration-ms="58">
      <class name="MavenTraining.Mavenjava.AppiumTest">
        <test-method signature="IOSApps()[pri:0, instance:MavenTraining.Mavenjava.AppiumTest@4fb3ee4e]" started-at="2022-05-18T14:44:05 BST" name="IOSApps" finished-at="2022-05-18T14:44:05 BST" duration-ms="8" status="PASS">
          <reporter-output>
          </reporter-output>
        </test-method> <!-- IOSApps -->
      </class> <!-- MavenTraining.Mavenjava.AppiumTest -->
    </test> <!-- Default test -->
  </suite> <!-- Default suite -->
</testng-results>
